Sun Dec 02 13:29:37 BRST 2018 : Apache Derby Servidor de Rede - 10.13.1.1 - (Unversioned directory) iniciado e pronto para aceitar conexões na porta 1527 em {3}
----------------------------------------------------------------
Sun Dec 02 13:29:37 BRST 2018:
Booting Derby (version The Apache Software Foundation - Apache Derby - 10.13.1.1 - (Unversioned directory)) instance a816c00e-0167-6f89-fa24-fffffebd99cd 
on database directory D:\Documentos\Faculdade\OOP\ProjetoViotti\Banco\Farmacia in READ ONLY mode with class loader sun.misc.Launcher$AppClassLoader@6f94fa3e. 
Loaded from file:/D:/1%20-%20Programas/glassfish5/javadb/lib/derby.jar.
java.vendor=Oracle Corporation
java.runtime.version=1.8.0_111-b14
user.dir=D:\1 - Programas\glassfish5\javadb
os.name=Windows 10
os.arch=amd64
os.version=10.0
derby.system.home=D:\Documentos\Faculdade\OOP\ProjetoViotti\Banco
Carregador de classe do banco de dados iniciado - derby.database.classpath=''
Sun Dec 02 13:29:37 BRST 2018 Thread[DRDAConnThread_2,5,main] (XID = 7), (SESSIONID = 1), (DATABASE = Farmacia), (DRDAID = ????????.????-4253648304286855952{1}), Cleanup action starting
Sun Dec 02 13:29:37 BRST 2018 Thread[DRDAConnThread_2,5,main] (XID = 7), (SESSIONID = 1), (DATABASE = Farmacia), (DRDAID = ????????.????-4253648304286855952{1}), Failed Statement is: CALL SYSIBM.MetaData()
ERROR XSDG3: Não foi possível acessar os metadados do contêiner unknown
	at org.apache.derby.iapi.error.StandardException.newException(Unknown Source)
	at org.apache.derby.impl.store.raw.data.RAFContainer.run(Unknown Source)
	at java.security.AccessController.doPrivileged(Native Method)
	at org.apache.derby.impl.store.raw.data.RAFContainer.openContainer(Unknown Source)
	at org.apache.derby.impl.store.raw.data.RAFContainer4.openContainer(Unknown Source)
	at org.apache.derby.impl.store.raw.data.FileContainer.setIdent(Unknown Source)
	at org.apache.derby.impl.store.raw.data.FileContainer.setIdentity(Unknown Source)
	at org.apache.derby.impl.services.cache.ConcurrentCache.find(Unknown Source)
	at org.apache.derby.impl.store.raw.data.BaseDataFileFactory.openContainer(Unknown Source)
	at org.apache.derby.impl.store.raw.data.BaseDataFileFactory.openContainer(Unknown Source)
	at org.apache.derby.impl.store.raw.xact.Xact.openContainer(Unknown Source)
	at org.apache.derby.impl.store.access.heap.HeapConglomerateFactory.readConglomerate(Unknown Source)
	at org.apache.derby.impl.store.access.CacheableConglomerate.setIdentity(Unknown Source)
	at org.apache.derby.impl.services.cache.ConcurrentCache.find(Unknown Source)
	at org.apache.derby.impl.store.access.RAMAccessManager.conglomCacheFind(Unknown Source)
	at org.apache.derby.impl.store.access.RAMTransaction.findConglomerate(Unknown Source)
	at org.apache.derby.impl.store.access.RAMTransaction.findExistingConglomerate(Unknown Source)
	at org.apache.derby.impl.store.access.RAMTransaction.openConglomerate(Unknown Source)
	at org.apache.derby.impl.sql.catalog.DataDictionaryImpl.getDescriptorViaIndexMinion(Unknown Source)
	at org.apache.derby.impl.sql.catalog.DataDictionaryImpl.getDescriptorViaIndex(Unknown Source)
	at org.apache.derby.impl.sql.catalog.DataDictionaryImpl.getColumnDescriptorsScan(Unknown Source)
	at org.apache.derby.impl.sql.catalog.DataDictionaryImpl.getColumnDescriptorsScan(Unknown Source)
	at org.apache.derby.impl.sql.catalog.DataDictionaryImpl.finishTableDescriptor(Unknown Source)
	at org.apache.derby.impl.sql.catalog.DataDictionaryImpl.getTableDescriptorIndex1Scan(Unknown Source)
	at org.apache.derby.impl.sql.catalog.DataDictionaryImpl.getUncachedTableDescriptor(Unknown Source)
	at org.apache.derby.impl.sql.catalog.NameTDCacheable.setIdentity(Unknown Source)
	at org.apache.derby.impl.services.cache.ConcurrentCache.find(Unknown Source)
	at org.apache.derby.impl.sql.catalog.DataDictionaryImpl.getTableDescriptor(Unknown Source)
	at org.apache.derby.impl.sql.catalog.DataDictionaryImpl.faultInTabInfo(Unknown Source)
	at org.apache.derby.impl.sql.catalog.DataDictionaryImpl.getNonCoreTI(Unknown Source)
	at org.apache.derby.impl.sql.catalog.DataDictionaryImpl.getAliasDescriptor(Unknown Source)
	at org.apache.derby.impl.sql.catalog.DataDictionaryImpl.getRoutineList(Unknown Source)
	at org.apache.derby.impl.sql.compile.StaticMethodCallNode.resolveRoutine(Unknown Source)
	at org.apache.derby.impl.sql.compile.StaticMethodCallNode.bindExpressionMinion(Unknown Source)
	at org.apache.derby.impl.sql.compile.StaticMethodCallNode.bindExpression(Unknown Source)
	at org.apache.derby.impl.sql.compile.JavaToSQLValueNode.bindExpression(Unknown Source)
	at org.apache.derby.impl.sql.compile.CallStatementNode.bindStatement(Unknown Source)
	at org.apache.derby.impl.sql.GenericStatement.prepMinion(Unknown Source)
	at org.apache.derby.impl.sql.GenericStatement.prepare(Unknown Source)
	at org.apache.derby.impl.sql.conn.GenericLanguageConnectionContext.prepareInternalStatement(Unknown Source)
	at org.apache.derby.impl.jdbc.EmbedPreparedStatement.<init>(Unknown Source)
	at org.apache.derby.impl.jdbc.EmbedCallableStatement.<init>(Unknown Source)
	at org.apache.derby.impl.jdbc.EmbedCallableStatement42.<init>(Unknown Source)
	at org.apache.derby.jdbc.Driver42.newEmbedCallableStatement(Unknown Source)
	at org.apache.derby.impl.jdbc.EmbedConnection.prepareCall(Unknown Source)
	at org.apache.derby.impl.drda.DRDAStatement.prepare(Unknown Source)
	at org.apache.derby.impl.drda.DRDAStatement.explicitPrepare(Unknown Source)
	at org.apache.derby.impl.drda.DRDAConnThread.parsePRPSQLSTT(Unknown Source)
	at org.apache.derby.impl.drda.DRDAConnThread.processCommands(Unknown Source)
	at org.apache.derby.impl.drda.DRDAConnThread.run(Unknown Source)
Caused by: java.io.FileNotFoundException: D:\Documentos\Faculdade\OOP\ProjetoViotti\Banco\Farmacia\seg0\c90.dat (Acesso negado)
	at java.io.RandomAccessFile.open0(Native Method)
	at java.io.RandomAccessFile.open(RandomAccessFile.java:316)
	at java.io.RandomAccessFile.<init>(RandomAccessFile.java:243)
	at org.apache.derby.impl.io.DirRandomAccessFile.<init>(Unknown Source)
	at org.apache.derby.impl.io.DirFile.getRandomAccessFile(Unknown Source)
	... 49 more
============= begin nested exception, level (1) ===========
java.io.FileNotFoundException: D:\Documentos\Faculdade\OOP\ProjetoViotti\Banco\Farmacia\seg0\c90.dat (Acesso negado)
	at java.io.RandomAccessFile.open0(Native Method)
	at java.io.RandomAccessFile.open(RandomAccessFile.java:316)
	at java.io.RandomAccessFile.<init>(RandomAccessFile.java:243)
	at org.apache.derby.impl.io.DirRandomAccessFile.<init>(Unknown Source)
	at org.apache.derby.impl.io.DirFile.getRandomAccessFile(Unknown Source)
	at org.apache.derby.impl.store.raw.data.RAFContainer.run(Unknown Source)
	at java.security.AccessController.doPrivileged(Native Method)
	at org.apache.derby.impl.store.raw.data.RAFContainer.openContainer(Unknown Source)
	at org.apache.derby.impl.store.raw.data.RAFContainer4.openContainer(Unknown Source)
	at org.apache.derby.impl.store.raw.data.FileContainer.setIdent(Unknown Source)
	at org.apache.derby.impl.store.raw.data.FileContainer.setIdentity(Unknown Source)
	at org.apache.derby.impl.services.cache.ConcurrentCache.find(Unknown Source)
	at org.apache.derby.impl.store.raw.data.BaseDataFileFactory.openContainer(Unknown Source)
	at org.apache.derby.impl.store.raw.data.BaseDataFileFactory.openContainer(Unknown Source)
	at org.apache.derby.impl.store.raw.xact.Xact.openContainer(Unknown Source)
	at org.apache.derby.impl.store.access.heap.HeapConglomerateFactory.readConglomerate(Unknown Source)
	at org.apache.derby.impl.store.access.CacheableConglomerate.setIdentity(Unknown Source)
	at org.apache.derby.impl.services.cache.ConcurrentCache.find(Unknown Source)
	at org.apache.derby.impl.store.access.RAMAccessManager.conglomCacheFind(Unknown Source)
	at org.apache.derby.impl.store.access.RAMTransaction.findConglomerate(Unknown Source)
	at org.apache.derby.impl.store.access.RAMTransaction.findExistingConglomerate(Unknown Source)
	at org.apache.derby.impl.store.access.RAMTransaction.openConglomerate(Unknown Source)
	at org.apache.derby.impl.sql.catalog.DataDictionaryImpl.getDescriptorViaIndexMinion(Unknown Source)
	at org.apache.derby.impl.sql.catalog.DataDictionaryImpl.getDescriptorViaIndex(Unknown Source)
	at org.apache.derby.impl.sql.catalog.DataDictionaryImpl.getColumnDescriptorsScan(Unknown Source)
	at org.apache.derby.impl.sql.catalog.DataDictionaryImpl.getColumnDescriptorsScan(Unknown Source)
	at org.apache.derby.impl.sql.catalog.DataDictionaryImpl.finishTableDescriptor(Unknown Source)
	at org.apache.derby.impl.sql.catalog.DataDictionaryImpl.getTableDescriptorIndex1Scan(Unknown Source)
	at org.apache.derby.impl.sql.catalog.DataDictionaryImpl.getUncachedTableDescriptor(Unknown Source)
	at org.apache.derby.impl.sql.catalog.NameTDCacheable.setIdentity(Unknown Source)
	at org.apache.derby.impl.services.cache.ConcurrentCache.find(Unknown Source)
	at org.apache.derby.impl.sql.catalog.DataDictionaryImpl.getTableDescriptor(Unknown Source)
	at org.apache.derby.impl.sql.catalog.DataDictionaryImpl.faultInTabInfo(Unknown Source)
	at org.apache.derby.impl.sql.catalog.DataDictionaryImpl.getNonCoreTI(Unknown Source)
	at org.apache.derby.impl.sql.catalog.DataDictionaryImpl.getAliasDescriptor(Unknown Source)
	at org.apache.derby.impl.sql.catalog.DataDictionaryImpl.getRoutineList(Unknown Source)
	at org.apache.derby.impl.sql.compile.StaticMethodCallNode.resolveRoutine(Unknown Source)
	at org.apache.derby.impl.sql.compile.StaticMethodCallNode.bindExpressionMinion(Unknown Source)
	at org.apache.derby.impl.sql.compile.StaticMethodCallNode.bindExpression(Unknown Source)
	at org.apache.derby.impl.sql.compile.JavaToSQLValueNode.bindExpression(Unknown Source)
	at org.apache.derby.impl.sql.compile.CallStatementNode.bindStatement(Unknown Source)
	at org.apache.derby.impl.sql.GenericStatement.prepMinion(Unknown Source)
	at org.apache.derby.impl.sql.GenericStatement.prepare(Unknown Source)
	at org.apache.derby.impl.sql.conn.GenericLanguageConnectionContext.prepareInternalStatement(Unknown Source)
	at org.apache.derby.impl.jdbc.EmbedPreparedStatement.<init>(Unknown Source)
	at org.apache.derby.impl.jdbc.EmbedCallableStatement.<init>(Unknown Source)
	at org.apache.derby.impl.jdbc.EmbedCallableStatement42.<init>(Unknown Source)
	at org.apache.derby.jdbc.Driver42.newEmbedCallableStatement(Unknown Source)
	at org.apache.derby.impl.jdbc.EmbedConnection.prepareCall(Unknown Source)
	at org.apache.derby.impl.drda.DRDAStatement.prepare(Unknown Source)
	at org.apache.derby.impl.drda.DRDAStatement.explicitPrepare(Unknown Source)
	at org.apache.derby.impl.drda.DRDAConnThread.parsePRPSQLSTT(Unknown Source)
	at org.apache.derby.impl.drda.DRDAConnThread.processCommands(Unknown Source)
	at org.apache.derby.impl.drda.DRDAConnThread.run(Unknown Source)
============= end nested exception, level (1) ===========
----------------------------------------------------------------
Sun Dec 02 13:29:37 BRST 2018:
Encerrando a instância a816c00e-0167-6f89-fa24-fffffebd99cd
(Skipping thread dump because of insufficient permissions:
java.security.AccessControlException: access denied ("java.lang.RuntimePermission" "getStackTrace"))


Cleanup action completed
----------------------------------------------------------------
Sun Dec 02 13:31:06 BRST 2018: Shutting down Derby engine
----------------------------------------------------------------
